[20-Apr-2025 22:20:14 UTC] PHP Warning:  Undefined array key "host" in /workspaces/Assignment4-UX221/.wordpress/wp-includes/pluggable.php on line 1640
[20-Apr-2025 23:12:56 UTC] PHP Warning:  Undefined variable $parent_theme_name in /workspaces/Assignment4-UX221/.wordpress/wp-content/mu-plugins/one-click-child-theme/templates/create_child_form.php on line 18
[21-Apr-2025 01:16:05 UTC] PHP Fatal error:  Out of memory (allocated 37748736) (tried to allocate 2097152 bytes) in /workspaces/Assignment4-UX221/.wordpress/wp-content/plugins/ecommerce-product-catalog/includes/blocks/context-blocks.php on line 183
[21-Apr-2025 01:16:05 UTC] PHP Fatal error:  Uncaught Error: Call to undefined function ic_products_count() in /workspaces/Assignment4-UX221/.wordpress/wp-content/plugins/ecommerce-product-catalog/includes/tracking.php:117
Stack trace:
#0 /workspaces/Assignment4-UX221/.wordpress/wp-content/plugins/ecommerce-product-catalog/includes/tracking.php(551): IC_EPC_Tracking->setup_data()
#1 /workspaces/Assignment4-UX221/.wordpress/wp-content/plugins/ecommerce-product-catalog/includes/tracking.php(481): IC_EPC_Tracking->send_paused_checkin(Array, true)
#2 [internal function]: IC_EPC_Tracking->fatal()
#3 {main}
  thrown in /workspaces/Assignment4-UX221/.wordpress/wp-content/plugins/ecommerce-product-catalog/includes/tracking.php on line 117
[21-Apr-2025 01:17:15 UTC] PHP Fatal error:  Out of memory (allocated 35651584) (tried to allocate 2097152 bytes) in /workspaces/Assignment4-UX221/.wordpress/wp-content/plugins/ecommerce-product-catalog/includes/product-settings.php on line 115
[21-Apr-2025 01:17:15 UTC] PHP Fatal error:  Uncaught Error: Call to undefined function ic_products_count() in /workspaces/Assignment4-UX221/.wordpress/wp-content/plugins/ecommerce-product-catalog/includes/tracking.php:117
Stack trace:
#0 /workspaces/Assignment4-UX221/.wordpress/wp-content/plugins/ecommerce-product-catalog/includes/tracking.php(551): IC_EPC_Tracking->setup_data()
#1 /workspaces/Assignment4-UX221/.wordpress/wp-content/plugins/ecommerce-product-catalog/includes/tracking.php(481): IC_EPC_Tracking->send_paused_checkin(Array, true)
#2 [internal function]: IC_EPC_Tracking->fatal()
#3 {main}
  thrown in /workspaces/Assignment4-UX221/.wordpress/wp-content/plugins/ecommerce-product-catalog/includes/tracking.php on line 117
[21-Apr-2025 02:54:14 UTC] PHP Fatal error:  Out of memory (allocated 44040192) (tried to allocate 65536 bytes) in /workspaces/Assignment4-UX221/.wordpress/wp-includes/script-loader.php on line 2978
[21-Apr-2025 02:54:25 UTC] PHP Fatal error:  Out of memory (allocated 39845888) (tried to allocate 2097152 bytes) in /workspaces/Assignment4-UX221/.wordpress/wp-content/plugins/ecommerce-product-catalog/includes/product-settings.php on line 46
[21-Apr-2025 02:54:25 UTC] PHP Fatal error:  Uncaught Error: Call to undefined function ic_products_count() in /workspaces/Assignment4-UX221/.wordpress/wp-content/plugins/ecommerce-product-catalog/includes/tracking.php:117
Stack trace:
#0 /workspaces/Assignment4-UX221/.wordpress/wp-content/plugins/ecommerce-product-catalog/includes/tracking.php(551): IC_EPC_Tracking->setup_data()
#1 /workspaces/Assignment4-UX221/.wordpress/wp-content/plugins/ecommerce-product-catalog/includes/tracking.php(481): IC_EPC_Tracking->send_paused_checkin(Array, true)
#2 [internal function]: IC_EPC_Tracking->fatal()
#3 {main}
  thrown in /workspaces/Assignment4-UX221/.wordpress/wp-content/plugins/ecommerce-product-catalog/includes/tracking.php on line 117
[21-Apr-2025 02:54:35 UTC] PHP Fatal error:  Out of memory (allocated 35651584) (tried to allocate 2097152 bytes) in /workspaces/Assignment4-UX221/.wordpress/wp-content/plugins/ecommerce-product-catalog/includes/product-settings.php on line 46
[21-Apr-2025 02:54:35 UTC] PHP Fatal error:  Uncaught Error: Call to undefined function ic_products_count() in /workspaces/Assignment4-UX221/.wordpress/wp-content/plugins/ecommerce-product-catalog/includes/tracking.php:117
Stack trace:
#0 /workspaces/Assignment4-UX221/.wordpress/wp-content/plugins/ecommerce-product-catalog/includes/tracking.php(551): IC_EPC_Tracking->setup_data()
#1 /workspaces/Assignment4-UX221/.wordpress/wp-content/plugins/ecommerce-product-catalog/includes/tracking.php(481): IC_EPC_Tracking->send_paused_checkin(Array, true)
#2 [internal function]: IC_EPC_Tracking->fatal()
#3 {main}
  thrown in /workspaces/Assignment4-UX221/.wordpress/wp-content/plugins/ecommerce-product-catalog/includes/tracking.php on line 117
[21-Apr-2025 02:54:45 UTC] PHP Fatal error:  Out of memory (allocated 33554432) (tried to allocate 2097152 bytes) in /workspaces/Assignment4-UX221/.wordpress/wp-content/plugins/ecommerce-product-catalog/includes/product-settings.php on line 46
[21-Apr-2025 02:54:45 UTC] PHP Fatal error:  Uncaught Error: Call to undefined function ic_products_count() in /workspaces/Assignment4-UX221/.wordpress/wp-content/plugins/ecommerce-product-catalog/includes/tracking.php:117
Stack trace:
#0 /workspaces/Assignment4-UX221/.wordpress/wp-content/plugins/ecommerce-product-catalog/includes/tracking.php(551): IC_EPC_Tracking->setup_data()
#1 /workspaces/Assignment4-UX221/.wordpress/wp-content/plugins/ecommerce-product-catalog/includes/tracking.php(481): IC_EPC_Tracking->send_paused_checkin(Array, true)
#2 [internal function]: IC_EPC_Tracking->fatal()
#3 {main}
  thrown in /workspaces/Assignment4-UX221/.wordpress/wp-content/plugins/ecommerce-product-catalog/includes/tracking.php on line 117
[21-Apr-2025 02:54:55 UTC] PHP Fatal error:  Out of memory (allocated 31457280) (tried to allocate 2097152 bytes) in /workspaces/Assignment4-UX221/.wordpress/wp-content/plugins/ecommerce-product-catalog/includes/product-settings.php on line 46
[21-Apr-2025 02:54:55 UTC] PHP Fatal error:  Uncaught Error: Call to undefined function ic_products_count() in /workspaces/Assignment4-UX221/.wordpress/wp-content/plugins/ecommerce-product-catalog/includes/tracking.php:117
Stack trace:
#0 /workspaces/Assignment4-UX221/.wordpress/wp-content/plugins/ecommerce-product-catalog/includes/tracking.php(551): IC_EPC_Tracking->setup_data()
#1 /workspaces/Assignment4-UX221/.wordpress/wp-content/plugins/ecommerce-product-catalog/includes/tracking.php(481): IC_EPC_Tracking->send_paused_checkin(Array, true)
#2 [internal function]: IC_EPC_Tracking->fatal()
#3 {main}
  thrown in /workspaces/Assignment4-UX221/.wordpress/wp-content/plugins/ecommerce-product-catalog/includes/tracking.php on line 117
[21-Apr-2025 02:55:05 UTC] PHP Fatal error:  Out of memory (allocated 31457280) (tried to allocate 2097152 bytes) in /workspaces/Assignment4-UX221/.wordpress/wp-content/plugins/ecommerce-product-catalog/includes/product-settings.php on line 46
[21-Apr-2025 02:55:05 UTC] PHP Fatal error:  Uncaught Error: Call to undefined function ic_products_count() in /workspaces/Assignment4-UX221/.wordpress/wp-content/plugins/ecommerce-product-catalog/includes/tracking.php:117
Stack trace:
#0 /workspaces/Assignment4-UX221/.wordpress/wp-content/plugins/ecommerce-product-catalog/includes/tracking.php(551): IC_EPC_Tracking->setup_data()
#1 /workspaces/Assignment4-UX221/.wordpress/wp-content/plugins/ecommerce-product-catalog/includes/tracking.php(481): IC_EPC_Tracking->send_paused_checkin(Array, true)
#2 [internal function]: IC_EPC_Tracking->fatal()
#3 {main}
  thrown in /workspaces/Assignment4-UX221/.wordpress/wp-content/plugins/ecommerce-product-catalog/includes/tracking.php on line 117
[21-Apr-2025 02:55:15 UTC] PHP Fatal error:  Out of memory (allocated 31457280) (tried to allocate 2097152 bytes) in /workspaces/Assignment4-UX221/.wordpress/wp-content/plugins/ecommerce-product-catalog/includes/product-settings.php on line 46
[21-Apr-2025 02:55:15 UTC] PHP Fatal error:  Uncaught Error: Call to undefined function ic_products_count() in /workspaces/Assignment4-UX221/.wordpress/wp-content/plugins/ecommerce-product-catalog/includes/tracking.php:117
Stack trace:
#0 /workspaces/Assignment4-UX221/.wordpress/wp-content/plugins/ecommerce-product-catalog/includes/tracking.php(551): IC_EPC_Tracking->setup_data()
#1 /workspaces/Assignment4-UX221/.wordpress/wp-content/plugins/ecommerce-product-catalog/includes/tracking.php(481): IC_EPC_Tracking->send_paused_checkin(Array, true)
#2 [internal function]: IC_EPC_Tracking->fatal()
#3 {main}
  thrown in /workspaces/Assignment4-UX221/.wordpress/wp-content/plugins/ecommerce-product-catalog/includes/tracking.php on line 117
[21-Apr-2025 02:55:25 UTC] PHP Fatal error:  Out of memory (allocated 31457280) (tried to allocate 2097152 bytes) in /workspaces/Assignment4-UX221/.wordpress/wp-content/plugins/ecommerce-product-catalog/includes/product-settings.php on line 46
[21-Apr-2025 02:55:25 UTC] PHP Fatal error:  Uncaught Error: Call to undefined function ic_products_count() in /workspaces/Assignment4-UX221/.wordpress/wp-content/plugins/ecommerce-product-catalog/includes/tracking.php:117
Stack trace:
#0 /workspaces/Assignment4-UX221/.wordpress/wp-content/plugins/ecommerce-product-catalog/includes/tracking.php(551): IC_EPC_Tracking->setup_data()
#1 /workspaces/Assignment4-UX221/.wordpress/wp-content/plugins/ecommerce-product-catalog/includes/tracking.php(481): IC_EPC_Tracking->send_paused_checkin(Array, true)
#2 [internal function]: IC_EPC_Tracking->fatal()
#3 {main}
  thrown in /workspaces/Assignment4-UX221/.wordpress/wp-content/plugins/ecommerce-product-catalog/includes/tracking.php on line 117
[21-Apr-2025 02:55:35 UTC] PHP Fatal error:  Out of memory (allocated 31457280) (tried to allocate 2097152 bytes) in /workspaces/Assignment4-UX221/.wordpress/wp-content/plugins/ecommerce-product-catalog/includes/product-settings.php on line 46
[21-Apr-2025 02:55:35 UTC] PHP Fatal error:  Uncaught Error: Call to undefined function ic_products_count() in /workspaces/Assignment4-UX221/.wordpress/wp-content/plugins/ecommerce-product-catalog/includes/tracking.php:117
Stack trace:
#0 /workspaces/Assignment4-UX221/.wordpress/wp-content/plugins/ecommerce-product-catalog/includes/tracking.php(551): IC_EPC_Tracking->setup_data()
#1 /workspaces/Assignment4-UX221/.wordpress/wp-content/plugins/ecommerce-product-catalog/includes/tracking.php(481): IC_EPC_Tracking->send_paused_checkin(Array, true)
#2 [internal function]: IC_EPC_Tracking->fatal()
#3 {main}
  thrown in /workspaces/Assignment4-UX221/.wordpress/wp-content/plugins/ecommerce-product-catalog/includes/tracking.php on line 117
[21-Apr-2025 05:33:00 UTC] PHP Fatal error:  Out of memory (allocated 37748736) (tried to allocate 4096 bytes) in /workspaces/Assignment4-UX221/.wordpress/wp-includes/class-wp-theme-json.php on line 4308
[21-Apr-2025 05:33:00 UTC] PHP Fatal error:  Out of memory (allocated 37748736) (tried to allocate 8192 bytes) in /workspaces/Assignment4-UX221/.wordpress/wp-includes/functions.php on line 6900
[21-Apr-2025 05:33:00 UTC] PHP Fatal error:  Out of memory (allocated 35651584) (tried to allocate 2097152 bytes) in /workspaces/Assignment4-UX221/.wordpress/wp-content/plugins/ecommerce-product-catalog/includes/product-settings.php on line 96
[21-Apr-2025 05:33:00 UTC] PHP Fatal error:  Uncaught Error: Call to undefined function ic_products_count() in /workspaces/Assignment4-UX221/.wordpress/wp-content/plugins/ecommerce-product-catalog/includes/tracking.php:117
Stack trace:
#0 /workspaces/Assignment4-UX221/.wordpress/wp-content/plugins/ecommerce-product-catalog/includes/tracking.php(551): IC_EPC_Tracking->setup_data()
#1 /workspaces/Assignment4-UX221/.wordpress/wp-content/plugins/ecommerce-product-catalog/includes/tracking.php(481): IC_EPC_Tracking->send_paused_checkin(Array, true)
#2 [internal function]: IC_EPC_Tracking->fatal()
#3 {main}
  thrown in /workspaces/Assignment4-UX221/.wordpress/wp-content/plugins/ecommerce-product-catalog/includes/tracking.php on line 117
[21-Apr-2025 05:33:00 UTC] PHP Fatal error:  Out of memory (allocated 33554432) (tried to allocate 2097152 bytes) in /workspaces/Assignment4-UX221/.wordpress/wp-content/plugins/ecommerce-product-catalog/includes/product-settings.php on line 96
[21-Apr-2025 05:33:00 UTC] PHP Fatal error:  Uncaught Error: Call to undefined function ic_products_count() in /workspaces/Assignment4-UX221/.wordpress/wp-content/plugins/ecommerce-product-catalog/includes/tracking.php:117
Stack trace:
#0 /workspaces/Assignment4-UX221/.wordpress/wp-content/plugins/ecommerce-product-catalog/includes/tracking.php(551): IC_EPC_Tracking->setup_data()
#1 /workspaces/Assignment4-UX221/.wordpress/wp-content/plugins/ecommerce-product-catalog/includes/tracking.php(481): IC_EPC_Tracking->send_paused_checkin(Array, true)
#2 [internal function]: IC_EPC_Tracking->fatal()
#3 {main}
  thrown in /workspaces/Assignment4-UX221/.wordpress/wp-content/plugins/ecommerce-product-catalog/includes/tracking.php on line 117
[21-Apr-2025 05:33:00 UTC] PHP Fatal error:  Out of memory (allocated 31457280) (tried to allocate 2097152 bytes) in /workspaces/Assignment4-UX221/.wordpress/wp-content/plugins/ecommerce-product-catalog/includes/product-settings.php on line 96
[21-Apr-2025 05:33:00 UTC] PHP Fatal error:  Uncaught Error: Call to undefined function ic_products_count() in /workspaces/Assignment4-UX221/.wordpress/wp-content/plugins/ecommerce-product-catalog/includes/tracking.php:117
Stack trace:
#0 /workspaces/Assignment4-UX221/.wordpress/wp-content/plugins/ecommerce-product-catalog/includes/tracking.php(551): IC_EPC_Tracking->setup_data()
#1 /workspaces/Assignment4-UX221/.wordpress/wp-content/plugins/ecommerce-product-catalog/includes/tracking.php(481): IC_EPC_Tracking->send_paused_checkin(Array, true)
#2 [internal function]: IC_EPC_Tracking->fatal()
#3 {main}
  thrown in /workspaces/Assignment4-UX221/.wordpress/wp-content/plugins/ecommerce-product-catalog/includes/tracking.php on line 117
[21-Apr-2025 05:33:01 UTC] PHP Fatal error:  Out of memory (allocated 31457280) (tried to allocate 2097152 bytes) in /workspaces/Assignment4-UX221/.wordpress/wp-content/plugins/ecommerce-product-catalog/includes/product-settings.php on line 96
[21-Apr-2025 05:33:01 UTC] PHP Fatal error:  Uncaught Error: Call to undefined function ic_products_count() in /workspaces/Assignment4-UX221/.wordpress/wp-content/plugins/ecommerce-product-catalog/includes/tracking.php:117
Stack trace:
#0 /workspaces/Assignment4-UX221/.wordpress/wp-content/plugins/ecommerce-product-catalog/includes/tracking.php(551): IC_EPC_Tracking->setup_data()
#1 /workspaces/Assignment4-UX221/.wordpress/wp-content/plugins/ecommerce-product-catalog/includes/tracking.php(481): IC_EPC_Tracking->send_paused_checkin(Array, true)
#2 [internal function]: IC_EPC_Tracking->fatal()
#3 {main}
  thrown in /workspaces/Assignment4-UX221/.wordpress/wp-content/plugins/ecommerce-product-catalog/includes/tracking.php on line 117
[21-Apr-2025 05:33:01 UTC] PHP Fatal error:  Out of memory (allocated 31457280) (tried to allocate 2097152 bytes) in /workspaces/Assignment4-UX221/.wordpress/wp-content/plugins/ecommerce-product-catalog/includes/product-settings.php on line 96
[21-Apr-2025 05:33:01 UTC] PHP Fatal error:  Uncaught Error: Call to undefined function ic_products_count() in /workspaces/Assignment4-UX221/.wordpress/wp-content/plugins/ecommerce-product-catalog/includes/tracking.php:117
Stack trace:
#0 /workspaces/Assignment4-UX221/.wordpress/wp-content/plugins/ecommerce-product-catalog/includes/tracking.php(551): IC_EPC_Tracking->setup_data()
#1 /workspaces/Assignment4-UX221/.wordpress/wp-content/plugins/ecommerce-product-catalog/includes/tracking.php(481): IC_EPC_Tracking->send_paused_checkin(Array, true)
#2 [internal function]: IC_EPC_Tracking->fatal()
#3 {main}
  thrown in /workspaces/Assignment4-UX221/.wordpress/wp-content/plugins/ecommerce-product-catalog/includes/tracking.php on line 117
[21-Apr-2025 05:33:01 UTC] PHP Fatal error:  Out of memory (allocated 31457280) (tried to allocate 2097152 bytes) in /workspaces/Assignment4-UX221/.wordpress/wp-content/plugins/ecommerce-product-catalog/includes/product-settings.php on line 96
[21-Apr-2025 05:33:02 UTC] PHP Fatal error:  Uncaught Error: Call to undefined function ic_products_count() in /workspaces/Assignment4-UX221/.wordpress/wp-content/plugins/ecommerce-product-catalog/includes/tracking.php:117
Stack trace:
#0 /workspaces/Assignment4-UX221/.wordpress/wp-content/plugins/ecommerce-product-catalog/includes/tracking.php(551): IC_EPC_Tracking->setup_data()
#1 /workspaces/Assignment4-UX221/.wordpress/wp-content/plugins/ecommerce-product-catalog/includes/tracking.php(481): IC_EPC_Tracking->send_paused_checkin(Array, true)
#2 [internal function]: IC_EPC_Tracking->fatal()
#3 {main}
  thrown in /workspaces/Assignment4-UX221/.wordpress/wp-content/plugins/ecommerce-product-catalog/includes/tracking.php on line 117
[21-Apr-2025 05:33:02 UTC] PHP Fatal error:  Out of memory (allocated 31457280) (tried to allocate 2097152 bytes) in /workspaces/Assignment4-UX221/.wordpress/wp-content/plugins/ecommerce-product-catalog/includes/product-settings.php on line 96
[21-Apr-2025 05:33:02 UTC] PHP Fatal error:  Uncaught Error: Call to undefined function ic_products_count() in /workspaces/Assignment4-UX221/.wordpress/wp-content/plugins/ecommerce-product-catalog/includes/tracking.php:117
Stack trace:
#0 /workspaces/Assignment4-UX221/.wordpress/wp-content/plugins/ecommerce-product-catalog/includes/tracking.php(551): IC_EPC_Tracking->setup_data()
#1 /workspaces/Assignment4-UX221/.wordpress/wp-content/plugins/ecommerce-product-catalog/includes/tracking.php(481): IC_EPC_Tracking->send_paused_checkin(Array, true)
#2 [internal function]: IC_EPC_Tracking->fatal()
#3 {main}
  thrown in /workspaces/Assignment4-UX221/.wordpress/wp-content/plugins/ecommerce-product-catalog/includes/tracking.php on line 117
[21-Apr-2025 05:33:02 UTC] PHP Fatal error:  Out of memory (allocated 31457280) (tried to allocate 2097152 bytes) in /workspaces/Assignment4-UX221/.wordpress/wp-content/plugins/ecommerce-product-catalog/includes/product-settings.php on line 96
[21-Apr-2025 05:33:02 UTC] PHP Fatal error:  Uncaught Error: Call to undefined function ic_products_count() in /workspaces/Assignment4-UX221/.wordpress/wp-content/plugins/ecommerce-product-catalog/includes/tracking.php:117
Stack trace:
#0 /workspaces/Assignment4-UX221/.wordpress/wp-content/plugins/ecommerce-product-catalog/includes/tracking.php(551): IC_EPC_Tracking->setup_data()
#1 /workspaces/Assignment4-UX221/.wordpress/wp-content/plugins/ecommerce-product-catalog/includes/tracking.php(481): IC_EPC_Tracking->send_paused_checkin(Array, true)
#2 [internal function]: IC_EPC_Tracking->fatal()
#3 {main}
  thrown in /workspaces/Assignment4-UX221/.wordpress/wp-content/plugins/ecommerce-product-catalog/includes/tracking.php on line 117
[21-Apr-2025 05:33:02 UTC] PHP Fatal error:  Out of memory (allocated 31457280) (tried to allocate 2097152 bytes) in /workspaces/Assignment4-UX221/.wordpress/wp-content/plugins/ecommerce-product-catalog/includes/product-settings.php on line 96
[21-Apr-2025 05:33:02 UTC] PHP Fatal error:  Uncaught Error: Call to undefined function ic_products_count() in /workspaces/Assignment4-UX221/.wordpress/wp-content/plugins/ecommerce-product-catalog/includes/tracking.php:117
Stack trace:
#0 /workspaces/Assignment4-UX221/.wordpress/wp-content/plugins/ecommerce-product-catalog/includes/tracking.php(551): IC_EPC_Tracking->setup_data()
#1 /workspaces/Assignment4-UX221/.wordpress/wp-content/plugins/ecommerce-product-catalog/includes/tracking.php(481): IC_EPC_Tracking->send_paused_checkin(Array, true)
#2 [internal function]: IC_EPC_Tracking->fatal()
#3 {main}
  thrown in /workspaces/Assignment4-UX221/.wordpress/wp-content/plugins/ecommerce-product-catalog/includes/tracking.php on line 117
[21-Apr-2025 05:33:03 UTC] PHP Fatal error:  Out of memory (allocated 31457280) (tried to allocate 2097152 bytes) in /workspaces/Assignment4-UX221/.wordpress/wp-content/plugins/ecommerce-product-catalog/includes/product-settings.php on line 96
[21-Apr-2025 05:33:03 UTC] PHP Fatal error:  Uncaught Error: Call to undefined function ic_products_count() in /workspaces/Assignment4-UX221/.wordpress/wp-content/plugins/ecommerce-product-catalog/includes/tracking.php:117
Stack trace:
#0 /workspaces/Assignment4-UX221/.wordpress/wp-content/plugins/ecommerce-product-catalog/includes/tracking.php(551): IC_EPC_Tracking->setup_data()
#1 /workspaces/Assignment4-UX221/.wordpress/wp-content/plugins/ecommerce-product-catalog/includes/tracking.php(481): IC_EPC_Tracking->send_paused_checkin(Array, true)
#2 [internal function]: IC_EPC_Tracking->fatal()
#3 {main}
  thrown in /workspaces/Assignment4-UX221/.wordpress/wp-content/plugins/ecommerce-product-catalog/includes/tracking.php on line 117
[21-Apr-2025 05:33:12 UTC] PHP Fatal error:  Out of memory (allocated 31457280) (tried to allocate 2097152 bytes) in /workspaces/Assignment4-UX221/.wordpress/wp-content/plugins/ecommerce-product-catalog/includes/product-settings.php on line 96
[21-Apr-2025 05:33:12 UTC] PHP Fatal error:  Uncaught Error: Call to undefined function ic_products_count() in /workspaces/Assignment4-UX221/.wordpress/wp-content/plugins/ecommerce-product-catalog/includes/tracking.php:117
Stack trace:
#0 /workspaces/Assignment4-UX221/.wordpress/wp-content/plugins/ecommerce-product-catalog/includes/tracking.php(551): IC_EPC_Tracking->setup_data()
#1 /workspaces/Assignment4-UX221/.wordpress/wp-content/plugins/ecommerce-product-catalog/includes/tracking.php(481): IC_EPC_Tracking->send_paused_checkin(Array, true)
#2 [internal function]: IC_EPC_Tracking->fatal()
#3 {main}
  thrown in /workspaces/Assignment4-UX221/.wordpress/wp-content/plugins/ecommerce-product-catalog/includes/tracking.php on line 117
[21-Apr-2025 05:33:21 UTC] PHP Fatal error:  Out of memory (allocated 31457280) (tried to allocate 2097152 bytes) in /workspaces/Assignment4-UX221/.wordpress/wp-content/plugins/ecommerce-product-catalog/includes/product-settings.php on line 96
[21-Apr-2025 05:33:21 UTC] PHP Fatal error:  Uncaught Error: Call to undefined function ic_products_count() in /workspaces/Assignment4-UX221/.wordpress/wp-content/plugins/ecommerce-product-catalog/includes/tracking.php:117
Stack trace:
#0 /workspaces/Assignment4-UX221/.wordpress/wp-content/plugins/ecommerce-product-catalog/includes/tracking.php(551): IC_EPC_Tracking->setup_data()
#1 /workspaces/Assignment4-UX221/.wordpress/wp-content/plugins/ecommerce-product-catalog/includes/tracking.php(481): IC_EPC_Tracking->send_paused_checkin(Array, true)
#2 [internal function]: IC_EPC_Tracking->fatal()
#3 {main}
  thrown in /workspaces/Assignment4-UX221/.wordpress/wp-content/plugins/ecommerce-product-catalog/includes/tracking.php on line 117
[21-Apr-2025 05:33:21 UTC] PHP Fatal error:  Out of memory (allocated 31457280) (tried to allocate 2097152 bytes) in /workspaces/Assignment4-UX221/.wordpress/wp-content/plugins/ecommerce-product-catalog/includes/product-settings.php on line 96
[21-Apr-2025 05:33:21 UTC] PHP Fatal error:  Uncaught Error: Call to undefined function ic_products_count() in /workspaces/Assignment4-UX221/.wordpress/wp-content/plugins/ecommerce-product-catalog/includes/tracking.php:117
Stack trace:
#0 /workspaces/Assignment4-UX221/.wordpress/wp-content/plugins/ecommerce-product-catalog/includes/tracking.php(551): IC_EPC_Tracking->setup_data()
#1 /workspaces/Assignment4-UX221/.wordpress/wp-content/plugins/ecommerce-product-catalog/includes/tracking.php(481): IC_EPC_Tracking->send_paused_checkin(Array, true)
#2 [internal function]: IC_EPC_Tracking->fatal()
#3 {main}
  thrown in /workspaces/Assignment4-UX221/.wordpress/wp-content/plugins/ecommerce-product-catalog/includes/tracking.php on line 117
[21-Apr-2025 05:33:21 UTC] PHP Fatal error:  Out of memory (allocated 31457280) (tried to allocate 2097152 bytes) in /workspaces/Assignment4-UX221/.wordpress/wp-content/plugins/ecommerce-product-catalog/includes/product-settings.php on line 86
[21-Apr-2025 05:33:21 UTC] PHP Fatal error:  Uncaught Error: Call to undefined function ic_products_count() in /workspaces/Assignment4-UX221/.wordpress/wp-content/plugins/ecommerce-product-catalog/includes/tracking.php:117
Stack trace:
#0 /workspaces/Assignment4-UX221/.wordpress/wp-content/plugins/ecommerce-product-catalog/includes/tracking.php(551): IC_EPC_Tracking->setup_data()
#1 /workspaces/Assignment4-UX221/.wordpress/wp-content/plugins/ecommerce-product-catalog/includes/tracking.php(481): IC_EPC_Tracking->send_paused_checkin(Array, true)
#2 [internal function]: IC_EPC_Tracking->fatal()
#3 {main}
  thrown in /workspaces/Assignment4-UX221/.wordpress/wp-content/plugins/ecommerce-product-catalog/includes/tracking.php on line 117
[21-Apr-2025 05:33:25 UTC] PHP Fatal error:  Out of memory (allocated 31457280) (tried to allocate 2097152 bytes) in /workspaces/Assignment4-UX221/.wordpress/wp-content/plugins/ecommerce-product-catalog/theme-product_adder_support.php on line 147
[21-Apr-2025 05:33:25 UTC] PHP Fatal error:  Uncaught Error: Call to undefined function ic_products_count() in /workspaces/Assignment4-UX221/.wordpress/wp-content/plugins/ecommerce-product-catalog/includes/tracking.php:117
Stack trace:
#0 /workspaces/Assignment4-UX221/.wordpress/wp-content/plugins/ecommerce-product-catalog/includes/tracking.php(551): IC_EPC_Tracking->setup_data()
#1 /workspaces/Assignment4-UX221/.wordpress/wp-content/plugins/ecommerce-product-catalog/includes/tracking.php(481): IC_EPC_Tracking->send_paused_checkin(Array, true)
#2 [internal function]: IC_EPC_Tracking->fatal()
#3 {main}
  thrown in /workspaces/Assignment4-UX221/.wordpress/wp-content/plugins/ecommerce-product-catalog/includes/tracking.php on line 117
[21-Apr-2025 06:40:13 UTC] PHP Fatal error:  Out of memory (allocated 37748736) (tried to allocate 4096 bytes) in /workspaces/Assignment4-UX221/.wordpress/wp-includes/class-wp-theme-json.php on line 4308
[21-Apr-2025 06:40:13 UTC] PHP Fatal error:  Out of memory (allocated 37748736) (tried to allocate 8192 bytes) in /workspaces/Assignment4-UX221/.wordpress/wp-includes/functions.php on line 6900
[21-Apr-2025 06:40:13 UTC] PHP Fatal error:  Out of memory (allocated 35651584) (tried to allocate 2097152 bytes) in /workspaces/Assignment4-UX221/.wordpress/wp-content/plugins/ecommerce-product-catalog/includes/product-settings.php on line 86
[21-Apr-2025 06:40:13 UTC] PHP Fatal error:  Uncaught Error: Call to undefined function ic_products_count() in /workspaces/Assignment4-UX221/.wordpress/wp-content/plugins/ecommerce-product-catalog/includes/tracking.php:117
Stack trace:
#0 /workspaces/Assignment4-UX221/.wordpress/wp-content/plugins/ecommerce-product-catalog/includes/tracking.php(551): IC_EPC_Tracking->setup_data()
#1 /workspaces/Assignment4-UX221/.wordpress/wp-content/plugins/ecommerce-product-catalog/includes/tracking.php(481): IC_EPC_Tracking->send_paused_checkin(Array, true)
#2 [internal function]: IC_EPC_Tracking->fatal()
#3 {main}
  thrown in /workspaces/Assignment4-UX221/.wordpress/wp-content/plugins/ecommerce-product-catalog/includes/tracking.php on line 117
[21-Apr-2025 06:40:13 UTC] PHP Fatal error:  Out of memory (allocated 33554432) (tried to allocate 2097152 bytes) in /workspaces/Assignment4-UX221/.wordpress/wp-content/plugins/ecommerce-product-catalog/includes/product-settings.php on line 86
[21-Apr-2025 06:40:13 UTC] PHP Fatal error:  Uncaught Error: Call to undefined function ic_products_count() in /workspaces/Assignment4-UX221/.wordpress/wp-content/plugins/ecommerce-product-catalog/includes/tracking.php:117
Stack trace:
#0 /workspaces/Assignment4-UX221/.wordpress/wp-content/plugins/ecommerce-product-catalog/includes/tracking.php(551): IC_EPC_Tracking->setup_data()
#1 /workspaces/Assignment4-UX221/.wordpress/wp-content/plugins/ecommerce-product-catalog/includes/tracking.php(481): IC_EPC_Tracking->send_paused_checkin(Array, true)
#2 [internal function]: IC_EPC_Tracking->fatal()
#3 {main}
  thrown in /workspaces/Assignment4-UX221/.wordpress/wp-content/plugins/ecommerce-product-catalog/includes/tracking.php on line 117
[21-Apr-2025 06:40:14 UTC] PHP Fatal error:  Out of memory (allocated 31457280) (tried to allocate 2097152 bytes) in /workspaces/Assignment4-UX221/.wordpress/wp-content/plugins/ecommerce-product-catalog/includes/product-settings.php on line 86
[21-Apr-2025 06:40:14 UTC] PHP Fatal error:  Uncaught Error: Call to undefined function ic_products_count() in /workspaces/Assignment4-UX221/.wordpress/wp-content/plugins/ecommerce-product-catalog/includes/tracking.php:117
Stack trace:
#0 /workspaces/Assignment4-UX221/.wordpress/wp-content/plugins/ecommerce-product-catalog/includes/tracking.php(551): IC_EPC_Tracking->setup_data()
#1 /workspaces/Assignment4-UX221/.wordpress/wp-content/plugins/ecommerce-product-catalog/includes/tracking.php(481): IC_EPC_Tracking->send_paused_checkin(Array, true)
#2 [internal function]: IC_EPC_Tracking->fatal()
#3 {main}
  thrown in /workspaces/Assignment4-UX221/.wordpress/wp-content/plugins/ecommerce-product-catalog/includes/tracking.php on line 117
[21-Apr-2025 06:40:14 UTC] PHP Fatal error:  Out of memory (allocated 31457280) (tried to allocate 2097152 bytes) in /workspaces/Assignment4-UX221/.wordpress/wp-content/plugins/ecommerce-product-catalog/includes/product-settings.php on line 86
[21-Apr-2025 06:40:14 UTC] PHP Fatal error:  Uncaught Error: Call to undefined function ic_products_count() in /workspaces/Assignment4-UX221/.wordpress/wp-content/plugins/ecommerce-product-catalog/includes/tracking.php:117
Stack trace:
#0 /workspaces/Assignment4-UX221/.wordpress/wp-content/plugins/ecommerce-product-catalog/includes/tracking.php(551): IC_EPC_Tracking->setup_data()
#1 /workspaces/Assignment4-UX221/.wordpress/wp-content/plugins/ecommerce-product-catalog/includes/tracking.php(481): IC_EPC_Tracking->send_paused_checkin(Array, true)
#2 [internal function]: IC_EPC_Tracking->fatal()
#3 {main}
  thrown in /workspaces/Assignment4-UX221/.wordpress/wp-content/plugins/ecommerce-product-catalog/includes/tracking.php on line 117
[21-Apr-2025 06:40:14 UTC] PHP Fatal error:  Out of memory (allocated 31457280) (tried to allocate 2097152 bytes) in /workspaces/Assignment4-UX221/.wordpress/wp-content/plugins/ecommerce-product-catalog/includes/product-settings.php on line 86
[21-Apr-2025 06:40:14 UTC] PHP Fatal error:  Uncaught Error: Call to undefined function ic_products_count() in /workspaces/Assignment4-UX221/.wordpress/wp-content/plugins/ecommerce-product-catalog/includes/tracking.php:117
Stack trace:
#0 /workspaces/Assignment4-UX221/.wordpress/wp-content/plugins/ecommerce-product-catalog/includes/tracking.php(551): IC_EPC_Tracking->setup_data()
#1 /workspaces/Assignment4-UX221/.wordpress/wp-content/plugins/ecommerce-product-catalog/includes/tracking.php(481): IC_EPC_Tracking->send_paused_checkin(Array, true)
#2 [internal function]: IC_EPC_Tracking->fatal()
#3 {main}
  thrown in /workspaces/Assignment4-UX221/.wordpress/wp-content/plugins/ecommerce-product-catalog/includes/tracking.php on line 117
[21-Apr-2025 06:40:22 UTC] PHP Fatal error:  Out of memory (allocated 31457280) (tried to allocate 2097152 bytes) in /workspaces/Assignment4-UX221/.wordpress/wp-content/plugins/ecommerce-product-catalog/includes/product-settings.php on line 35
[21-Apr-2025 06:40:22 UTC] PHP Fatal error:  Uncaught Error: Call to undefined function ic_products_count() in /workspaces/Assignment4-UX221/.wordpress/wp-content/plugins/ecommerce-product-catalog/includes/tracking.php:117
Stack trace:
#0 /workspaces/Assignment4-UX221/.wordpress/wp-content/plugins/ecommerce-product-catalog/includes/tracking.php(551): IC_EPC_Tracking->setup_data()
#1 /workspaces/Assignment4-UX221/.wordpress/wp-content/plugins/ecommerce-product-catalog/includes/tracking.php(481): IC_EPC_Tracking->send_paused_checkin(Array, true)
#2 [internal function]: IC_EPC_Tracking->fatal()
#3 {main}
  thrown in /workspaces/Assignment4-UX221/.wordpress/wp-content/plugins/ecommerce-product-catalog/includes/tracking.php on line 117
[21-Apr-2025 06:40:23 UTC] PHP Fatal error:  Out of memory (allocated 31457280) (tried to allocate 2097152 bytes) in /workspaces/Assignment4-UX221/.wordpress/wp-content/plugins/ecommerce-product-catalog/includes/product-settings.php on line 86
[21-Apr-2025 06:40:23 UTC] PHP Fatal error:  Uncaught Error: Call to undefined function ic_products_count() in /workspaces/Assignment4-UX221/.wordpress/wp-content/plugins/ecommerce-product-catalog/includes/tracking.php:117
Stack trace:
#0 /workspaces/Assignment4-UX221/.wordpress/wp-content/plugins/ecommerce-product-catalog/includes/tracking.php(551): IC_EPC_Tracking->setup_data()
#1 /workspaces/Assignment4-UX221/.wordpress/wp-content/plugins/ecommerce-product-catalog/includes/tracking.php(481): IC_EPC_Tracking->send_paused_checkin(Array, true)
#2 [internal function]: IC_EPC_Tracking->fatal()
#3 {main}
  thrown in /workspaces/Assignment4-UX221/.wordpress/wp-content/plugins/ecommerce-product-catalog/includes/tracking.php on line 117
[21-Apr-2025 06:40:32 UTC] PHP Fatal error:  Out of memory (allocated 31457280) (tried to allocate 2097152 bytes) in /workspaces/Assignment4-UX221/.wordpress/wp-content/plugins/ecommerce-product-catalog/includes/product-settings.php on line 35
[21-Apr-2025 06:40:32 UTC] PHP Fatal error:  Uncaught Error: Call to undefined function ic_products_count() in /workspaces/Assignment4-UX221/.wordpress/wp-content/plugins/ecommerce-product-catalog/includes/tracking.php:117
Stack trace:
#0 /workspaces/Assignment4-UX221/.wordpress/wp-content/plugins/ecommerce-product-catalog/includes/tracking.php(551): IC_EPC_Tracking->setup_data()
#1 /workspaces/Assignment4-UX221/.wordpress/wp-content/plugins/ecommerce-product-catalog/includes/tracking.php(481): IC_EPC_Tracking->send_paused_checkin(Array, true)
#2 [internal function]: IC_EPC_Tracking->fatal()
#3 {main}
  thrown in /workspaces/Assignment4-UX221/.wordpress/wp-content/plugins/ecommerce-product-catalog/includes/tracking.php on line 117
[21-Apr-2025 06:40:32 UTC] PHP Fatal error:  Out of memory (allocated 31457280) (tried to allocate 2097152 bytes) in /workspaces/Assignment4-UX221/.wordpress/wp-content/plugins/ecommerce-product-catalog/includes/product-settings.php on line 46
[21-Apr-2025 06:40:32 UTC] PHP Fatal error:  Uncaught Error: Call to undefined function ic_products_count() in /workspaces/Assignment4-UX221/.wordpress/wp-content/plugins/ecommerce-product-catalog/includes/tracking.php:117
Stack trace:
#0 /workspaces/Assignment4-UX221/.wordpress/wp-content/plugins/ecommerce-product-catalog/includes/tracking.php(551): IC_EPC_Tracking->setup_data()
#1 /workspaces/Assignment4-UX221/.wordpress/wp-content/plugins/ecommerce-product-catalog/includes/tracking.php(481): IC_EPC_Tracking->send_paused_checkin(Array, true)
#2 [internal function]: IC_EPC_Tracking->fatal()
#3 {main}
  thrown in /workspaces/Assignment4-UX221/.wordpress/wp-content/plugins/ecommerce-product-catalog/includes/tracking.php on line 117
[21-Apr-2025 06:40:32 UTC] PHP Fatal error:  Out of memory (allocated 31457280) (tried to allocate 2097152 bytes) in /workspaces/Assignment4-UX221/.wordpress/wp-content/plugins/ecommerce-product-catalog/includes/blocks/context-blocks.php on line 138
[21-Apr-2025 06:40:32 UTC] PHP Fatal error:  Uncaught Error: Call to undefined function ic_products_count() in /workspaces/Assignment4-UX221/.wordpress/wp-content/plugins/ecommerce-product-catalog/includes/tracking.php:117
Stack trace:
#0 /workspaces/Assignment4-UX221/.wordpress/wp-content/plugins/ecommerce-product-catalog/includes/tracking.php(551): IC_EPC_Tracking->setup_data()
#1 /workspaces/Assignment4-UX221/.wordpress/wp-content/plugins/ecommerce-product-catalog/includes/tracking.php(481): IC_EPC_Tracking->send_paused_checkin(Array, true)
#2 [internal function]: IC_EPC_Tracking->fatal()
#3 {main}
  thrown in /workspaces/Assignment4-UX221/.wordpress/wp-content/plugins/ecommerce-product-catalog/includes/tracking.php on line 117
